<?xml version="1.0" encoding="UTF-8"?>
<!-- Generated by org.testng.reporters.JUnitXMLReporter -->
<testsuite ignored="0" hostname="DEM-C02XCEHMJG5H" failures="1" tests="5" name="Surefire test" time="0.031" errors="0" timestamp="2020-08-17T00:00:53 BST">
  <testcase classname="ExtentReports.Test2" name="test2" time="0.004">
    <failure type="java.lang.AssertionError" message="expected [true] but found [false]">
      <![CDATA[java.lang.AssertionError: expected [true] but found [false]
at ExtentReports.Test2.test2(Test2.java:13)
at java.base/java.util.ArrayList.forEach(ArrayList.java:1540)
... Removed 36 stack frames]]>
    </failure>
  </testcase> <!-- test2 -->
  <testcase classname="ExtentReports.Test1" name="intitialDemo" time="0.0"/>
  <testcase classname="Practice.TestNGDemo" name="demo" time="0.0"/>
  <testcase classname="Practice.TestNGDemo2" name="exclude" time="0.0"/>
  <testcase classname="Practice.TestNGDemo2" name="hello" time="0.0"/>
</testsuite> <!-- Surefire test -->
