<?xml version="1.0" encoding="UTF-8"?>
<!-- Generated by org.testng.reporters.JUnitXMLReporter -->
<testsuite ignored="0" hostname="DEM-C02XCEHMJG5H" failures="0" tests="3" name="Surefire test" time="0.02" errors="0" timestamp="20 May 2020 11:08:11 GMT">
  <testcase classname="Practice.TestNGDemo" name="demo" time="0.003"/>
  <testcase classname="Practice.TestNGDemo2" name="exclude" time="0.0"/>
  <testcase classname="Practice.TestNGDemo2" name="hello" time="0.0"/>
</testsuite> <!-- Surefire test -->
