<?xml version="1.0" encoding="UTF-8"?>
<!-- Generated by org.testng.reporters.JUnitXMLReporter -->
<testsuite hostname="LAPTOP-JIBP4I0F" ignored="0" name="Surefire test" tests="3" failures="0" timestamp="2021-09-11T10:42:27 IST" time="0.031" errors="0">
  <testcase name="demo" time="0.003" classname="Practice.TestNGDemo"/>
  <testcase name="exclude" time="0.0" classname="Practice.TestNGDemo2"/>
  <testcase name="hello" time="0.001" classname="Practice.TestNGDemo2"/>
</testsuite> <!-- Surefire test -->
