<?xml version="1.0" encoding="UTF-8"?>
<testng-results skipped="0" failed="0" ignored="0" total="3" passed="3">
  <reporter-output>
  </reporter-output>
  <suite name="Surefire suite" duration-ms="31" started-at="2021-09-11T10:42:27 IST" finished-at="2021-09-11T10:42:27 IST">
    <groups>
    </groups>
    <test name="Surefire test" duration-ms="31" started-at="2021-09-11T10:42:27 IST" finished-at="2021-09-11T10:42:27 IST">
      <class name="Practice.TestNGDemo2">
        <test-method status="PASS" signature="hello()[pri:0, instance:Practice.TestNGDemo2@9a7504c]" name="hello" duration-ms="1" started-at="2021-09-11T10:42:27 IST" finished-at="2021-09-11T10:42:27 IST">
          <reporter-output>
          </reporter-output>
        </test-method> <!-- hello -->
        <test-method status="PASS" signature="exclude()[pri:0, instance:Practice.TestNGDemo2@9a7504c]" name="exclude" duration-ms="0" started-at="2021-09-11T10:42:27 IST" finished-at="2021-09-11T10:42:27 IST">
          <reporter-output>
          </reporter-output>
        </test-method> <!-- exclude -->
      </class> <!-- Practice.TestNGDemo2 -->
      <class name="Practice.TestNGDemo">
        <test-method status="PASS" signature="demo()[pri:0, instance:Practice.TestNGDemo@3e57cd70]" name="demo" duration-ms="3" started-at="2021-09-11T10:42:27 IST" finished-at="2021-09-11T10:42:27 IST">
          <reporter-output>
          </reporter-output>
        </test-method> <!-- demo -->
      </class> <!-- Practice.TestNGDemo -->
    </test> <!-- Surefire test -->
  </suite> <!-- Surefire suite -->
</testng-results>
