<?xml version="1.0" encoding="UTF-8"?>
<testng-results ignored="0" total="3" passed="3" failed="0" skipped="0">
  <reporter-output>
  </reporter-output>
  <suite started-at="2020-02-10T20:33:38Z" name="Surefire suite" finished-at="2020-02-10T20:33:38Z" duration-ms="20">
    <groups>
    </groups>
    <test started-at="2020-02-10T20:33:38Z" name="Surefire test" finished-at="2020-02-10T20:33:38Z" duration-ms="20">
      <class name="Practice.TestNGDemo2">
        <test-method signature="exclude()[pri:0, instance:Practice.TestNGDemo2@2a798d51]" started-at="2020-02-10T20:33:38Z" name="exclude" finished-at="2020-02-10T20:33:38Z" duration-ms="0" status="PASS">
          <reporter-output>
          </reporter-output>
        </test-method> <!-- exclude -->
        <test-method signature="hello()[pri:0, instance:Practice.TestNGDemo2@2a798d51]" started-at="2020-02-10T20:33:38Z" name="hello" finished-at="2020-02-10T20:33:38Z" duration-ms="0" status="PASS">
          <reporter-output>
          </reporter-output>
        </test-method> <!-- hello -->
      </class> <!-- Practice.TestNGDemo2 -->
      <class name="Practice.TestNGDemo">
        <test-method signature="demo()[pri:0, instance:Practice.TestNGDemo@6b81ce95]" started-at="2020-02-10T20:33:38Z" name="demo" finished-at="2020-02-10T20:33:38Z" duration-ms="3" status="PASS">
          <reporter-output>
          </reporter-output>
        </test-method> <!-- demo -->
      </class> <!-- Practice.TestNGDemo -->
    </test> <!-- Surefire test -->
  </suite> <!-- Surefire suite -->
</testng-results>
