-------------------------------------------------------------------------------
Test set: TestSuite
-------------------------------------------------------------------------------
Tests run: 5, Failures: 1, Errors: 0, Skipped: 0, Time elapsed: 2.505 s <<< FAILURE! - in TestSuite
test2(ExtentReports.Test2)  Time elapsed: 0.009 s  <<< FAILURE!
java.lang.AssertionError: expected [true] but found [false]
	at ExtentReports.Test2.test2(Test2.java:13)

