<?xml version="1.0" encoding="UTF-8"?>
<testsuite xmlns:xsi="http://www.w3.org/2001/XMLSchema-instance" xsi:noNamespaceSchemaLocation="https://maven.apache.org/surefire/maven-surefire-plugin/xsd/surefire-test-report-3.0.xsd" version="3.0" name="TestSuite" time="0.8" tests="3" errors="0" skipped="0" failures="0">
  <properties>
[...]
</properties>
  <testcase name="demo" classname="Practice.TestNGDemo" time="0.003"/>
  <testcase name="exclude" classname="Practice.TestNGDemo2" time="0"/>
  <testcase name="hello" classname="Practice.TestNGDemo2" time="0"/>
</testsuite>